[debug] [2023-05-25T08:33:31.382Z] ----------------------------------------------------------------------
[debug] [2023-05-25T08:33:31.385Z] Command:       /usr/local/bin/firebase /home/lamp/.cache/firebase/tools/lib/node_modules/firebase-tools/lib/bin/firebase init hosting
[debug] [2023-05-25T08:33:31.386Z] CLI Version:   12.2.1
[debug] [2023-05-25T08:33:31.386Z] Platform:      linux
[debug] [2023-05-25T08:33:31.386Z] Node Version:  v16.16.0
[debug] [2023-05-25T08:33:31.387Z] Time:          Thu May 25 2023 15:33:31 GMT+0700 (Indochina Time)
[debug] [2023-05-25T08:33:31.387Z] ----------------------------------------------------------------------
[debug] 
[debug] [2023-05-25T08:33:31.395Z] > command requires scopes: ["email","openid","https://www.googleapis.com/auth/cloudplatformprojects.readonly","https://www.googleapis.com/auth/firebase","https://www.googleapis.com/auth/cloud-platform"]
[debug] [2023-05-25T08:33:31.396Z] > authorizing via signed-in user (lamworkspace74@gmail.com)
[info] 
     ######## #### ########  ######## ########     ###     ######  ########
     ##        ##  ##     ## ##       ##     ##  ##   ##  ##       ##
     ######    ##  ########  ######   ########  #########  ######  ######
     ##        ##  ##    ##  ##       ##     ## ##     ##       ## ##
     ##       #### ##     ## ######## ########  ##     ##  ######  ########

You're about to initialize a Firebase project in this directory:

  /home/lamp/work/code/js/react_native_project/expressApp

[info] 
=== Project Setup
[info] 
[info] First, let's associate this project directory with a Firebase project.
[info] You can create multiple project aliases by running firebase use --add, 
[info] but for now we'll just set up a default project.
[info] 
[debug] [2023-05-25T08:33:33.567Z] >>> [apiv2][query] GET https://firebase.googleapis.com/v1beta1/projects pageSize=100
[debug] [2023-05-25T08:33:34.251Z] <<< [apiv2][status] GET https://firebase.googleapis.com/v1beta1/projects 200
[debug] [2023-05-25T08:33:34.251Z] <<< [apiv2][body] GET https://firebase.googleapis.com/v1beta1/projects [omitted]
[info] i  Using project react-native-project-5704c (React native project) 
[info] 
=== Hosting Setup
[debug] [2023-05-25T08:34:16.437Z] Error: Command failed: npm create vite@latest hosting --yes -- --template react
    at checkExecSyncError (node:child_process:828:11)
    at Object.execSync (node:child_process:899:15)
    at execSync (pkg/prelude/bootstrap.js:2111:30)
    at init (/home/lamp/.cache/firebase/tools/lib/node_modules/firebase-tools/lib/frameworks/vite/index.js:27:34)
    at processTicksAndRejections (node:internal/process/task_queues:96:5)
    at async Object.init (/home/lamp/.cache/firebase/tools/lib/node_modules/firebase-tools/lib/frameworks/vite/index.js:15:65)
    at async doSetup (/home/lamp/.cache/firebase/tools/lib/node_modules/firebase-tools/lib/init/features/hosting/index.js:88:13)
    at async init (/home/lamp/.cache/firebase/tools/lib/node_modules/firebase-tools/lib/init/index.js:37:9)
[error] 
[error] Error: An unexpected error has occurred.
